#
# There is insufficient memory for the Java Runtime Environment to continue.
# Native memory allocation (mmap) failed to map 536870912 bytes for Failed to commit area from 0x0000000600e00000 to 0x0000000620e00000 of length 536870912.
# Possible reasons:
#   The system is out of physical RAM or swap space
#   The process is running with CompressedOops enabled, and the Java Heap may be blocking the growth of the native heap
# Possible solutions:
#   Reduce memory load on the system
#   Increase physical memory or swap space
#   Check if swap backing store is full
#   Decrease Java heap size (-Xmx/-Xms)
#   Decrease number of Java threads
#   Decrease Java thread stack sizes (-Xss)
#   Set larger code cache with -XX:ReservedCodeCacheSize=
# This output file may be truncated or incomplete.
#
#  Out of Memory Error (./src/hotspot/os/windows/os_windows.cpp:3387), pid=18656, tid=18976
#
# JRE version:  (11.0.14.1+1) (build )
# Java VM: OpenJDK 64-Bit Server VM (11.0.14.1+1, mixed mode, sharing, tiered, compressed oops, g1 gc, windows-amd64)
# No core dump will be written. Minidumps are not enabled by default on client versions of Windows
#

---------------  S U M M A R Y ------------

Command Line: 

Host: Intel(R) Core(TM) i7-7700K CPU @ 4.20GHz, 8 cores, 31G,  Windows 10 , 64 bit Build 19041 (10.0.19041.3570)
Time: Wed Oct 25 11:57:10 2023 대한민국 표준시 elapsed time: 0.016199 seconds (0d 0h 0m 0s)

---------------  T H R E A D  ---------------

Current thread (0x000002936067f800):  JavaThread "Unknown thread" [_thread_in_vm, id=18976, stack(0x000000c24d800000,0x000000c24d900000)]

Stack: [0x000000c24d800000,0x000000c24d900000]
Native frames: (J=compiled Java code, j=interpreted, Vv=VM code, C=native code)
V  [jvm.dll+0x61e59a]
V  [jvm.dll+0x7aaca9]
V  [jvm.dll+0x7ac398]
V  [jvm.dll+0x7aca73]
V  [jvm.dll+0x24f9b8]
V  [jvm.dll+0x61b83a]
V  [jvm.dll+0x6100c5]
V  [jvm.dll+0x30772c]
V  [jvm.dll+0x3075b2]
V  [jvm.dll+0x30c2d6]
V  [jvm.dll+0x35272f]
V  [jvm.dll+0x352160]
V  [jvm.dll+0x2e4728]
V  [jvm.dll+0x2e5886]
V  [jvm.dll+0x784b07]
V  [jvm.dll+0x78628f]
V  [jvm.dll+0x35f479]
V  [jvm.dll+0x767aa0]
V  [jvm.dll+0x3ccf1f]
V  [jvm.dll+0x3cf2b1]
C  [jli.dll+0x5207]
C  [ucrtbase.dll+0x21bb2]
C  [KERNEL32.DLL+0x17344]
C  [ntdll.dll+0x526b1]


---------------  P R O C E S S  ---------------

Threads class SMR info:
_java_thread_list=0x000002935e381600, length=0, elements={
}

Java Threads: ( => current thread )

Other Threads:
  0x0000029360691000 GCTaskThread "GC Thread#0" [stack: 0x000000c24d900000,0x000000c24da00000] [id=27016]
  0x0000029360714000 ConcurrentGCThread "G1 Main Marker" [stack: 0x000000c24da00000,0x000000c24db00000] [id=25376]
  0x0000029360715800 ConcurrentGCThread "G1 Conc#0" [stack: 0x000000c24db00000,0x000000c24dc00000] [id=24392]

[error occurred during error reporting (printing all threads), id 0xc0000005, EXCEPTION_ACCESS_VIOLATION (0xc0000005) at pc=0x00007ff9d0483ef7]

VM state:not at safepoint (not fully initialized)

VM Mutex/Monitor currently owned by a thread:  ([mutex/lock_event])
[0x000002936067c0f0] Heap_lock - owner thread: 0x000002936067f800

Heap address: 0x0000000600e00000, size: 8178 MB, Compressed Oops mode: Non-zero based: 0x0000000600e00000
Narrow klass base: 0x0000000000000000, Narrow klass shift: 0

GC Heap History (0 events):
No events

Deoptimization events (0 events):
No events

Classes redefined (0 events):
No events

Internal exceptions (0 events):
No events

Events (1 events):
Event: 0.009 Loaded shared library C:\Program Files\Unity\Hub\Editor\2022.3.8f1\Editor\Data\PlaybackEngines\AndroidPlayer\OpenJDK\bin\zip.dll


Dynamic libraries:
0x00007ff695630000 - 0x00007ff69563d000 	C:\Program Files\Unity\Hub\Editor\2022.3.8f1\Editor\Data\PlaybackEngines\AndroidPlayer\OpenJDK\bin\java.exe
0x00007ffa7c0f0000 - 0x00007ffa7c2e7000 	C:\Windows\SYSTEM32\ntdll.dll
0x00007ffa7b560000 - 0x00007ffa7b61d000 	C:\Windows\System32\KERNEL32.DLL
0x00007ffa79950000 - 0x00007ffa79c46000 	C:\Windows\System32\KERNELBASE.dll
0x00007ffa79eb0000 - 0x00007ffa79fb0000 	C:\Windows\System32\ucrtbase.dll
0x00007ffa58600000 - 0x00007ffa58617000 	C:\Program Files\Unity\Hub\Editor\2022.3.8f1\Editor\Data\PlaybackEngines\AndroidPlayer\OpenJDK\bin\jli.dll
0x00007ffa70bb0000 - 0x00007ffa70bc5000 	C:\Program Files\Unity\Hub\Editor\2022.3.8f1\Editor\Data\PlaybackEngines\AndroidPlayer\OpenJDK\bin\VCRUNTIME140.dll
0x00007ffa7a8d0000 - 0x00007ffa7aa6e000 	C:\Windows\System32\USER32.dll
0x00007ffa79fb0000 - 0x00007ffa79fd2000 	C:\Windows\System32\win32u.dll
0x00007ffa65310000 - 0x00007ffa655aa000 	C:\Windows\WinSxS\amd64_microsoft.windows.common-controls_6595b64144ccf1df_6.0.19041.3570_none_60bb2a3971f3e41a\COMCTL32.dll
0x00007ffa7ab60000 - 0x00007ffa7ab8c000 	C:\Windows\System32\GDI32.dll
0x00007ffa7bbf0000 - 0x00007ffa7bc8e000 	C:\Windows\System32\msvcrt.dll
0x00007ffa79d90000 - 0x00007ffa79eaa000 	C:\Windows\System32\gdi32full.dll
0x00007ffa79cf0000 - 0x00007ffa79d8d000 	C:\Windows\System32\msvcp_win.dll
0x00007ffa7aad0000 - 0x00007ffa7ab00000 	C:\Windows\System32\IMM32.DLL
0x00007ff9f8d90000 - 0x00007ff9f8e2b000 	C:\Program Files\Unity\Hub\Editor\2022.3.8f1\Editor\Data\PlaybackEngines\AndroidPlayer\OpenJDK\bin\msvcp140.dll
0x00007ff9d0190000 - 0x00007ff9d0d11000 	C:\Program Files\Unity\Hub\Editor\2022.3.8f1\Editor\Data\PlaybackEngines\AndroidPlayer\OpenJDK\bin\server\jvm.dll
0x00007ffa7b440000 - 0x00007ffa7b4ee000 	C:\Windows\System32\ADVAPI32.dll
0x00007ffa7ab90000 - 0x00007ffa7ac2c000 	C:\Windows\System32\sechost.dll
0x00007ffa7a180000 - 0x00007ffa7a2a6000 	C:\Windows\System32\RPCRT4.dll
0x00007ffa7c070000 - 0x00007ffa7c078000 	C:\Windows\System32\PSAPI.DLL
0x00007ffa70bf0000 - 0x00007ffa70bf9000 	C:\Windows\SYSTEM32\WSOCK32.dll
0x00007ffa727f0000 - 0x00007ffa727fa000 	C:\Windows\SYSTEM32\VERSION.dll
0x00007ffa69d50000 - 0x00007ffa69d77000 	C:\Windows\SYSTEM32\WINMM.dll
0x00007ffa7b4f0000 - 0x00007ffa7b55b000 	C:\Windows\System32\WS2_32.dll
0x00007ffa77ff0000 - 0x00007ffa78002000 	C:\Windows\SYSTEM32\kernel.appcore.dll
0x00007ffa70ba0000 - 0x00007ffa70bb0000 	C:\Program Files\Unity\Hub\Editor\2022.3.8f1\Editor\Data\PlaybackEngines\AndroidPlayer\OpenJDK\bin\verify.dll
0x00007ffa77200000 - 0x00007ffa773e4000 	C:\Windows\SYSTEM32\DBGHELP.DLL
0x00007ffa583c0000 - 0x00007ffa583f4000 	C:\Windows\SYSTEM32\dbgcore.DLL
0x00007ffa79fe0000 - 0x00007ffa7a062000 	C:\Windows\System32\bcryptPrimitives.dll
0x00007ffa585d0000 - 0x00007ffa585f8000 	C:\Program Files\Unity\Hub\Editor\2022.3.8f1\Editor\Data\PlaybackEngines\AndroidPlayer\OpenJDK\bin\java.dll
0x00007ffa585c0000 - 0x00007ffa585ca000 	C:\Program Files\Unity\Hub\Editor\2022.3.8f1\Editor\Data\PlaybackEngines\AndroidPlayer\OpenJDK\bin\jimage.dll
0x00007ffa26320000 - 0x00007ffa26338000 	C:\Program Files\Unity\Hub\Editor\2022.3.8f1\Editor\Data\PlaybackEngines\AndroidPlayer\OpenJDK\bin\zip.dll

dbghelp: loaded successfully - version: 4.0.5 - missing functions: none
symbol engine: initialized successfully - sym options: 0x614 - pdb path: .;C:\Program Files\Unity\Hub\Editor\2022.3.8f1\Editor\Data\PlaybackEngines\AndroidPlayer\OpenJDK\bin;C:\Windows\SYSTEM32;C:\Windows\WinSxS\amd64_microsoft.windows.common-controls_6595b64144ccf1df_6.0.19041.3570_none_60bb2a3971f3e41a;C:\Program Files\Unity\Hub\Editor\2022.3.8f1\Editor\Data\PlaybackEngines\AndroidPlayer\OpenJDK\bin\server

VM Arguments:
java_command: <unknown>
java_class_path (initial): <not set>
Launcher Type: SUN_STANDARD

[Global flags]
     intx CICompilerCount                          = 4                                         {product} {ergonomic}
     uint ConcGCThreads                            = 2                                         {product} {ergonomic}
     uint G1ConcRefinementThreads                  = 8                                         {product} {ergonomic}
   size_t G1HeapRegionSize                         = 2097152                                   {product} {ergonomic}
    uintx GCDrainStackTargetSize                   = 64                                        {product} {ergonomic}
   size_t InitialHeapSize                          = 536870912                                 {product} {ergonomic}
   size_t MarkStackSize                            = 4194304                                   {product} {ergonomic}
   size_t MaxHeapSize                              = 8575254528                                {product} {ergonomic}
   size_t MinHeapDeltaBytes                        = 2097152                                   {product} {ergonomic}
    uintx NonNMethodCodeHeapSize                   = 5836300                                {pd product} {ergonomic}
    uintx NonProfiledCodeHeapSize                  = 122910970                              {pd product} {ergonomic}
    uintx ProfiledCodeHeapSize                     = 122910970                              {pd product} {ergonomic}
    uintx ReservedCodeCacheSize                    = 251658240                              {pd product} {ergonomic}
     bool SegmentedCodeCache                       = true                                      {product} {ergonomic}
     bool UseCompressedClassPointers               = true                                 {lp64_product} {ergonomic}
     bool UseCompressedOops                        = true                                 {lp64_product} {ergonomic}
     bool UseG1GC                                  = true                                      {product} {ergonomic}
     bool UseLargePagesIndividualAllocation        = false                                  {pd product} {ergonomic}

Logging:
Log output configuration:
 #0: stdout all=warning uptime,level,tags
 #1: stderr all=off uptime,level,tags

Environment Variables:
JAVA_HOME=C:\Program Files\Unity\Hub\Editor\2022.3.8f1\Editor\Data\PlaybackEngines\AndroidPlayer\OpenJDK
PATH=C:\Program Files (x86)\Common Files\Intel\Shared Libraries\redist\intel64\compiler;c:\windows\system32;c:\windows;c:\windows\system32\wbem;c:\windows\system32\windowspowershell\v1.0\;c:\windows\system32\openssh\;c:\program files\nvidia corporation\nvidia nvdlisr;c:\program files\bandizip\;c:\program files\microsoft sql server\130\tools\binn\;C:\Program Files (x86)\NVIDIA Corporation\PhysX\Common;C:\Program Files\dotnet\;C:\Program Files\Git\cmd;C:\Program Files\CMake\bin;C:\Program Files (x86)\GnuWin32\bin;;C:\Program Files\Git LFS;C:\Users\jack3\AppData\Local\Microsoft\WindowsApps;C:\Users\jack3\AppData\Local\afreeca;C:\Users\jack3\.dotnet\tools;C:\Users\jack3\AppData\Local\Programs\Microsoft VS Code\bin
USERNAME=jack3
OS=Windows_NT
PROCESSOR_IDENTIFIER=Intel64 Family 6 Model 158 Stepping 9, GenuineIntel



---------------  S Y S T E M  ---------------

OS: Windows 10 , 64 bit Build 19041 (10.0.19041.3570)
OS uptime: 0 days 4:14 hours

CPU:total 8 (initial active 8) (4 cores per cpu, 2 threads per core) family 6 model 158 stepping 9 microcode 0xb4, cmov, cx8, fxsr, mmx, sse, sse2, sse3, ssse3, sse4.1, sse4.2, popcnt, avx, avx2, aes, clmul, erms, rtm, 3dnowpref, lzcnt, ht, tsc, tscinvbit, bmi1, bmi2, adx, fma

Memory: 4k page, system-wide physical 32706M (505M free)
TotalPageFile size 65965M (AvailPageFile size 438M)
current process WorkingSet (physical memory assigned to process): 10M, peak: 10M
current process commit charge ("private bytes"): 60M, peak: 572M

vm_info: OpenJDK 64-Bit Server VM (11.0.14.1+1) for windows-amd64 JRE (11.0.14.1+1), built on Feb  9 2022 01:48:27 by "" with unknown MS VC++:1916

END.
